<?xml version="1.0" encoding="UTF-8"?>
<testng-results ignored="0" total="1" passed="1" failed="0" skipped="0">
  <reporter-output>
  </reporter-output>
  <suite started-at="2023-11-09T18:56:38 IST" name="Default suite" finished-at="2023-11-09T18:56:51 IST" duration-ms="12836">
    <groups>
    </groups>
    <test started-at="2023-11-09T18:56:38 IST" name="Default test" finished-at="2023-11-09T18:56:51 IST" duration-ms="12836">
      <class name="testpkg.Testclass">
        <test-method is-config="true" signature="setUp()[pri:0, instance:testpkg.Testclass@d9345cd]" started-at="2023-11-09T18:56:38 IST" name="setUp" finished-at="2023-11-09T18:56:46 IST" duration-ms="7667" status="PASS">
          <reporter-output>
          </reporter-output>
        </test-method> <!-- setUp -->
        <test-method signature="test()[pri:0, instance:testpkg.Testclass@d9345cd]" started-at="2023-11-09T18:56:46 IST" name="test" finished-at="2023-11-09T18:56:51 IST" duration-ms="5131" status="PASS">
          <reporter-output>
          </reporter-output>
        </test-method> <!-- test -->
      </class> <!-- testpkg.Testclass -->
    </test> <!-- Default test -->
  </suite> <!-- Default suite -->
</testng-results>
